<?xml version="1.0" encoding="UTF-8"?>
<testng-results ignored="0" total="1" passed="1" failed="0" skipped="0">
  <reporter-output>
  </reporter-output>
  <suite started-at="2020-01-21T20:46:54 IST" name="Default suite" finished-at="2020-01-21T20:46:54 IST" duration-ms="114">
    <groups>
    </groups>
    <test started-at="2020-01-21T20:46:54 IST" name="Default test" finished-at="2020-01-21T20:46:54 IST" duration-ms="114">
      <class name="selenium28.NewTest28">
        <test-method is-config="true" signature="beforeSuite()[pri:0, instance:selenium28.NewTest28@10db82ae]" started-at="2020-01-21T20:46:54 IST" name="beforeSuite" finished-at="2020-01-21T20:46:54 IST" duration-ms="63" status="PASS">
          <reporter-output>
          </reporter-output>
        </test-method> <!-- beforeSuite -->
        <test-method signature="f()[pri:0, instance:selenium28.NewTest28@10db82ae]" started-at="2020-01-21T20:46:54 IST" name="f" finished-at="2020-01-21T20:46:54 IST" duration-ms="15" status="PASS">
          <reporter-output>
          </reporter-output>
        </test-method> <!-- f -->
        <test-method is-config="true" signature="afterSuite()[pri:0, instance:selenium28.NewTest28@10db82ae]" started-at="2020-01-21T20:46:54 IST" name="afterSuite" finished-at="2020-01-21T20:46:54 IST" duration-ms="1" status="PASS">
          <reporter-output>
          </reporter-output>
        </test-method> <!-- afterSuite -->
      </class> <!-- selenium28.NewTest28 -->
    </test> <!-- Default test -->
  </suite> <!-- Default suite -->
</testng-results>
